
[Wed, 24 Jul 2024 14:18:38 GMT] Recieved login request from guest
[Wed, 24 Jul 2024 14:18:38 GMT] Credentials for guest correct
[Wed, 24 Jul 2024 14:18:38 GMT] Requesting bookmarklet content for guest
[Wed, 24 Jul 2024 14:18:38 GMT] null
[Wed, 24 Jul 2024 14:18:38 GMT] Recieved FTSave request from guest[Sat, 10 Aug 2024 21:12:14 GMT] Recieved login request from guest
[Sat, 10 Aug 2024 21:12:14 GMT] Credentials for guest correct
[Sat, 10 Aug 2024 21:12:14 GMT] Requesting bookmarklet content for guest
[Sat, 10 Aug 2024 21:12:14 GMT] null
[Sat, 10 Aug 2024 21:12:14 GMT] Recieved FTSave request from guest
[Sat, 10 Aug 2024 21:12:18 GMT] Status update recieved
[Sat, 10 Aug 2024 21:12:27 GMT] Recieved login request from guest
[Sat, 10 Aug 2024 21:12:27 GMT] Credentials for guest correct
[Sat, 10 Aug 2024 21:12:27 GMT] Requesting bookmarklet content for guest
[Sat, 10 Aug 2024 21:12:27 GMT] null
[Sat, 10 Aug 2024 21:12:28 GMT] Recieved FTSave request from guest
[Sat, 10 Aug 2024 21:12:29 GMT] Status update recieved
[Sat, 10 Aug 2024 21:12:29 GMT] guest,1723324338.233
[Sat, 10 Aug 2024 21:12:29 GMT] User already in Statuses; time updated.
[Sat, 10 Aug 2024 21:17:28 GMT] OpenInject0r is up at http://127.0.0.1:8080
[Sat, 10 Aug 2024 21:18:06 GMT] OpenInject0r is up at http://127.0.0.1:8080
[Sat, 10 Aug 2024 21:18:15 GMT] OpenInject0r is up at http://127.0.0.1:8080
[Sat, 10 Aug 2024 21:18:39 GMT] Recieved login request from guest
[Sat, 10 Aug 2024 21:18:39 GMT] Credentials for guest correct
[Sat, 10 Aug 2024 21:18:39 GMT] Requesting bookmarklet content for guest
[Sat, 10 Aug 2024 21:18:39 GMT] null
[Sat, 10 Aug 2024 21:18:40 GMT] Recieved FTSave request from guest
[Sat, 10 Aug 2024 21:19:02 GMT] Recieved login request from guest
[Sat, 10 Aug 2024 21:19:02 GMT] Credentials for guest correct
[Sat, 10 Aug 2024 21:19:02 GMT] Requesting bookmarklet content for guest
[Sat, 10 Aug 2024 21:19:02 GMT] null
[Sat, 10 Aug 2024 21:19:03 GMT] Recieved FTSave request from guest
[Sat, 10 Aug 2024 21:24:42 GMT] OpenInject0r is up at http://127.0.0.1:8080
[Sat, 10 Aug 2024 21:24:47 GMT] Recieved login request from guest
[Sat, 10 Aug 2024 21:24:47 GMT] Credentials for guest correct
[Sat, 10 Aug 2024 21:24:47 GMT] Requesting bookmarklet content for guest
[Sat, 10 Aug 2024 21:24:48 GMT] Recieved FTSave request from guest
[Sat, 10 Aug 2024 21:25:04 GMT] Recieved login request from guest
[Sat, 10 Aug 2024 21:25:04 GMT] Credentials for guest correct
[Sat, 10 Aug 2024 21:25:04 GMT] Requesting bookmarklet content for guest
[Sat, 10 Aug 2024 21:25:05 GMT] Recieved FTSave request from guest
[Sat, 10 Aug 2024 21:29:03 GMT] Recieved login request from guest
[Sat, 10 Aug 2024 21:29:03 GMT] Credentials for guest correct
[Sat, 10 Aug 2024 21:29:03 GMT] Requesting bookmarklet content for guest
[Sat, 10 Aug 2024 21:29:04 GMT] Recieved FTSave request from guest
[Sat, 10 Aug 2024 21:32:11 GMT] Recieved login request from guest
[Sat, 10 Aug 2024 21:32:11 GMT] Credentials for guest correct
[Sat, 10 Aug 2024 21:32:11 GMT] Requesting bookmarklet content for guest
[Sat, 10 Aug 2024 21:32:12 GMT] Recieved FTSave request from guest
[Sat, 10 Aug 2024 21:32:32 GMT] Recieved login request from guest
[Sat, 10 Aug 2024 21:32:32 GMT] Credentials for guest correct
[Sat, 10 Aug 2024 21:32:32 GMT] Requesting bookmarklet content for guest
[Sat, 10 Aug 2024 21:32:33 GMT] Recieved FTSave request from guest
[Sat, 10 Aug 2024 21:33:17 GMT] OpenInject0r is up at http://127.0.0.1:8080
[Sat, 10 Aug 2024 21:34:04 GMT] Recieved login request from guest
[Sat, 10 Aug 2024 21:34:04 GMT] Credentials for guest correct
[Sat, 10 Aug 2024 21:34:04 GMT] Requesting bookmarklet content for guest
[Sat, 10 Aug 2024 21:34:05 GMT] Recieved FTSave request from guest
[Sat, 10 Aug 2024 21:36:59 GMT] Recieved login request from guest
[Sat, 10 Aug 2024 21:36:59 GMT] Credentials for guest correct
[Sat, 10 Aug 2024 21:36:59 GMT] Requesting bookmarklet content for guest
[Sat, 10 Aug 2024 21:36:59 GMT] Recieved FTSave request from guest
[Sat, 10 Aug 2024 21:38:53 GMT] Recieved FTSave request from guest
[Sat, 10 Aug 2024 21:38:55 GMT] Recieved FTSave request from guest
[Sat, 10 Aug 2024 21:38:56 GMT] Recieved FTSave request from guest
[Sat, 10 Aug 2024 21:38:57 GMT] Recieved FTSave request from guest
[Sat, 10 Aug 2024 21:39:00 GMT] Recieved FTSave request from guest
[Sat, 10 Aug 2024 21:39:06 GMT] Recieved FTSave request from guest
[Sat, 10 Aug 2024 21:39:11 GMT] Recieved FTSave request from guest
[Sat, 10 Aug 2024 21:40:43 GMT] Recieved login request from guest
[Sat, 10 Aug 2024 21:40:43 GMT] Credentials for guest correct
[Sat, 10 Aug 2024 21:40:43 GMT] Requesting bookmarklet content for guest
[Sat, 10 Aug 2024 21:40:44 GMT] Recieved FTSave request from guest
[Sat, 10 Aug 2024 21:42:00 GMT] OpenInject0r is up at http://127.0.0.1:8080
[Sat, 10 Aug 2024 21:42:17 GMT] Recieved login request from guest
[Sat, 10 Aug 2024 21:42:17 GMT] Credentials for guest correct
[Sat, 10 Aug 2024 21:42:17 GMT] Requesting bookmarklet content for guest
[Sat, 10 Aug 2024 21:42:17 GMT] Recieved FTSave request from guest
[Sat, 10 Aug 2024 21:42:38 GMT] Status update recieved
[Sat, 10 Aug 2024 21:43:08 GMT] Status update recieved
[Sat, 10 Aug 2024 21:43:08 GMT] guest,1723326158.871
[Sat, 10 Aug 2024 21:43:08 GMT] User already in Statuses; time updated.
[Sat, 10 Aug 2024 21:43:38 GMT] Status update recieved
[Sat, 10 Aug 2024 21:43:38 GMT] guest,1723326188.945
[Sat, 10 Aug 2024 21:43:38 GMT] User already in Statuses; time updated.
[Sat, 10 Aug 2024 21:44:08 GMT] Status update recieved
[Sat, 10 Aug 2024 21:44:08 GMT] guest,1723326218.949
[Sat, 10 Aug 2024 21:44:08 GMT] User already in Statuses; time updated.
[Sat, 10 Aug 2024 21:44:38 GMT] Status update recieved
[Sat, 10 Aug 2024 21:44:38 GMT] guest,1723326248.946
[Sat, 10 Aug 2024 21:44:38 GMT] User already in Statuses; time updated.
[Sat, 10 Aug 2024 21:45:08 GMT] Status update recieved
[Sat, 10 Aug 2024 21:45:08 GMT] guest,1723326278.947
[Sat, 10 Aug 2024 21:45:08 GMT] User already in Statuses; time updated.
[Sat, 10 Aug 2024 21:46:07 GMT] Status update recieved
[Sat, 10 Aug 2024 21:46:37 GMT] Status update recieved
[Sat, 10 Aug 2024 21:46:37 GMT] guest,1723326367.882
[Sat, 10 Aug 2024 21:46:37 GMT] User already in Statuses; time updated.
[Sat, 10 Aug 2024 21:47:28 GMT] Recieved login request from guest
[Sat, 10 Aug 2024 21:47:28 GMT] Credentials for guest correct
[Sat, 10 Aug 2024 21:47:28 GMT] Requesting bookmarklet content for guest
[Sat, 10 Aug 2024 21:47:28 GMT] Recieved FTSave request from guest
[Sat, 10 Aug 2024 22:10:47 GMT] Recieved login request from guest
[Sat, 10 Aug 2024 22:10:47 GMT] Credentials for guest correct
[Sat, 10 Aug 2024 22:10:47 GMT] Requesting bookmarklet content for guest
[Sat, 10 Aug 2024 22:10:47 GMT] Recieved FTSave request from guest
[Sat, 10 Aug 2024 22:11:03 GMT] Recieved FTSave request from guest
[Sat, 10 Aug 2024 22:12:06 GMT] Recieved login request from guest
[Sat, 10 Aug 2024 22:12:06 GMT] Credentials for guest correct
[Sat, 10 Aug 2024 22:12:06 GMT] Requesting bookmarklet content for guest
[Sat, 10 Aug 2024 22:12:07 GMT] Recieved FTSave request from guest
[Sat, 10 Aug 2024 22:12:21 GMT] Recieved FTSave request from guest
[Sat, 10 Aug 2024 22:13:09 GMT] Recieved login request from guest
[Sat, 10 Aug 2024 22:13:10 GMT] Credentials for guest correct
[Sat, 10 Aug 2024 22:13:10 GMT] Requesting bookmarklet content for guest
[Sat, 10 Aug 2024 22:13:10 GMT] Recieved FTSave request from guest
[Sat, 10 Aug 2024 22:13:16 GMT] Recieved FTSave request from guest
[Sat, 10 Aug 2024 22:14:18 GMT] Recieved login request from guest
[Sat, 10 Aug 2024 22:14:18 GMT] Credentials for guest correct
[Sat, 10 Aug 2024 22:14:18 GMT] Requesting bookmarklet content for guest
[Sat, 10 Aug 2024 22:14:18 GMT] Recieved FTSave request from guest
[Sat, 10 Aug 2024 22:14:24 GMT] Recieved FTSave request from guest
[Sat, 10 Aug 2024 22:14:37 GMT] Recieved login request from guest
[Sat, 10 Aug 2024 22:14:37 GMT] Credentials for guest correct
[Sat, 10 Aug 2024 22:14:37 GMT] Requesting bookmarklet content for guest
[Sat, 10 Aug 2024 22:14:38 GMT] Recieved FTSave request from guest
[Sat, 10 Aug 2024 22:14:43 GMT] Recieved FTSave request from guest
[Sat, 10 Aug 2024 22:24:20 GMT] Recieved login request from guest
[Sat, 10 Aug 2024 22:24:20 GMT] Credentials for guest correct
[Sat, 10 Aug 2024 22:24:20 GMT] Requesting bookmarklet content for guest
[Sat, 10 Aug 2024 22:24:21 GMT] Recieved FTSave request from guest
[Sat, 10 Aug 2024 22:24:24 GMT] Recieved FTSave request from guest
[Sat, 10 Aug 2024 22:24:25 GMT] Recieved FTSave request from guest
[Sat, 10 Aug 2024 22:24:29 GMT] Recieved FTSave request from guest
[Sat, 10 Aug 2024 22:24:31 GMT] Recieved FTSave request from guest
[Sat, 10 Aug 2024 22:24:36 GMT] Recieved FTSave request from guest
[Sat, 10 Aug 2024 22:24:38 GMT] Recieved FTSave request from guest
[Sat, 10 Aug 2024 22:24:43 GMT] Recieved FTSave request from guest
[Sat, 10 Aug 2024 22:27:48 GMT] Recieved login request from guest
[Sat, 10 Aug 2024 22:27:48 GMT] Credentials for guest correct
[Sat, 10 Aug 2024 22:27:48 GMT] Requesting bookmarklet content for guest
[Sat, 10 Aug 2024 22:27:48 GMT] Recieved FTSave request from guest
[Sat, 10 Aug 2024 22:27:53 GMT] Recieved FTSave request from guest
[Sat, 10 Aug 2024 22:28:08 GMT] Recieved login request from guest
[Sat, 10 Aug 2024 22:28:08 GMT] Credentials for guest correct
[Sat, 10 Aug 2024 22:28:08 GMT] Requesting bookmarklet content for guest
[Sat, 10 Aug 2024 22:28:08 GMT] Recieved FTSave request from guest
[Sat, 10 Aug 2024 22:28:16 GMT] Recieved FTSave request from guest
[Sat, 10 Aug 2024 22:28:33 GMT] Recieved login request from guest
[Sat, 10 Aug 2024 22:28:33 GMT] Credentials for guest correct
[Sat, 10 Aug 2024 22:28:33 GMT] Requesting bookmarklet content for guest
[Sat, 10 Aug 2024 22:28:34 GMT] Recieved FTSave request from guest
[Sat, 10 Aug 2024 22:28:39 GMT] Recieved FTSave request from guest
[Sat, 10 Aug 2024 22:29:27 GMT] Recieved login request from guest
[Sat, 10 Aug 2024 22:29:27 GMT] Credentials for guest correct
[Sat, 10 Aug 2024 22:29:27 GMT] Requesting bookmarklet content for guest
[Sat, 10 Aug 2024 22:29:27 GMT] Recieved FTSave request from guest
[Sat, 10 Aug 2024 22:29:31 GMT] Recieved FTSave request from guest
[Sat, 10 Aug 2024 23:11:24 GMT] Recieved login request from guest
[Sat, 10 Aug 2024 23:11:24 GMT] Credentials for guest correct
[Sat, 10 Aug 2024 23:11:24 GMT] Requesting bookmarklet content for guest
[Sat, 10 Aug 2024 23:11:25 GMT] Recieved FTSave request from guest
[Sat, 10 Aug 2024 23:11:34 GMT] Status update recieved
[Sun, 11 Aug 2024 13:04:16 GMT] Recieved login request from guest
[Sun, 11 Aug 2024 13:04:16 GMT] Credentials for guest correct
[Sun, 11 Aug 2024 13:04:16 GMT] Requesting bookmarklet content for guest
[Sun, 11 Aug 2024 13:22:17 GMT] Recieved login request from guest
[Sun, 11 Aug 2024 13:22:17 GMT] Credentials for guest correct
[Sun, 11 Aug 2024 13:22:17 GMT] Requesting bookmarklet content for guest
[Sun, 11 Aug 2024 13:22:18 GMT] Recieved FTSave request from guest
